<?xml version="1.0" encoding="UTF-8" ?>
<testsuite tests="2" failures="2" name="calculator.RunCucumberTest" time="0.31" errors="0" skipped="0">
  <properties>
    <property name="java.runtime.name" value="OpenJDK Runtime Environment"/>
    <property name="java.vm.version" value="17.0.3+7-LTS"/>
    <property name="sun.boot.library.path" value="C:\Program Files\Microsoft\jdk-17.0.3.7-hotspot\bin"/>
    <property name="maven.multiModuleProjectDirectory" value="C:\Users\x245071\cucumber-java-calc"/>
    <property name="java.vm.vendor" value="Microsoft"/>
    <property name="java.vendor.url" value="https://www.microsoft.com"/>
    <property name="guice.disable.misplaced.annotation.check" value="true"/>
    <property name="path.separator" value=";"/>
    <property name="java.vm.name" value="OpenJDK 64-Bit Server VM"/>
    <property name="sun.os.patch.level" value=""/>
    <property name="user.script" value=""/>
    <property name="user.country" value="US"/>
    <property name="sun.java.launcher" value="SUN_STANDARD"/>
    <property name="java.vm.specification.name" value="Java Virtual Machine Specification"/>
    <property name="user.dir" value="C:\Users\x245071\cucumber-java-calc"/>
    <property name="java.vm.compressedOopsMode" value="Zero based"/>
    <property name="java.runtime.version" value="17.0.3+7-LTS"/>
    <property name="os.arch" value="amd64"/>
    <property name="java.io.tmpdir" value="C:\Users\x245071\AppData\Local\Temp\"/>
    <property name="line.separator" value="
"/>
    <property name="java.vm.specification.vendor" value="Oracle Corporation"/>
    <property name="user.variant" value=""/>
    <property name="os.name" value="Windows 10"/>
    <property name="classworlds.conf" value="C:\Program Files\apache-maven-3.8.6\bin\m2.conf"/>
    <property name="sun.jnu.encoding" value="Cp1252"/>
    <property name="java.library.path" value="C:\Program Files\Microsoft\jdk-17.0.3.7-hotspot\bin;C:\WINDOWS\Sun\Java\bin;C:\WINDOWS\system32;C:\WINDOWS;C:\Program Files\Microsoft\jdk-17.0.3.7-hotspot\bin;C:\Program Files\Microsoft\jdk-11.0.18.10-hotspot\bin;C:\WINDOWS\system32;C:\WINDOWS;C:\WINDOWS\System32\Wbem;C:\WINDOWS\System32\WindowsPowerShell\v1.0\;C:\WINDOWS\System32\OpenSSH\;C:\Program Files (x86)\Intel\Intel(R) Management Engine Components\DAL;C:\Program Files\Intel\Intel(R) Management Engine Components\DAL;C:\Program Files (x86)\Experitest\AppiumStudio\bin\adb;C:\Users\x245071\.m2\repository\org\testng\testng\6.9.10\testng-6.9.10\;C:\TestNG\TestNGConfig\testng.xml;C:\Program Files\apache-maven-3.8.6\bin;C:\Program Files\Git\cmd;C:\Program Files (x86)\Common Files\Hitachi ID\;C:\Program Files\Common Files\Hitachi ID\;C:\ProgramData\chocolatey\bin;C:\Program Files\dotnet\;C:\Program Files (x86)\dotnet\;C:\Users\x245071\AppData\Local\Programs\Python\Python310\Scripts;C:\Program Files\nodejs\;C:\Users\x245071\AppData\Local\Programs\Python\Python39\Scripts\;C:\Users\x245071\AppData\Local\Programs\Python\Python39\;C:\Users\x245071\AppData\Local\Microsoft\WindowsApps;C:\Users\x245071\AppData\Local\GitHubDesktop\bin;C:\Users\x245071\AppData\Local\Programs\Microsoft VS Code\bin;C:\Users\x245071\AppData\Roaming\npm;C:\Program Files\JetBrains\IntelliJ IDEA Community Edition 2023.3.4\bin;."/>
    <property name="maven.conf" value="C:\Program Files\apache-maven-3.8.6/conf"/>
    <property name="jdk.debug" value="release"/>
    <property name="java.class.version" value="61.0"/>
    <property name="java.specification.name" value="Java Platform API Specification"/>
    <property name="sun.management.compiler" value="HotSpot 64-Bit Tiered Compilers"/>
    <property name="os.version" value="10.0"/>
    <property name="library.jansi.path" value="C:\Program Files\apache-maven-3.8.6\lib\jansi-native"/>
    <property name="user.home" value="C:\Users\x245071"/>
    <property name="user.timezone" value="America/Toronto"/>
    <property name="file.encoding" value="Cp1252"/>
    <property name="java.specification.version" value="17"/>
    <property name="user.name" value="x245071"/>
    <property name="java.class.path" value="C:\Program Files\apache-maven-3.8.6\boot\plexus-classworlds-2.6.0.jar"/>
    <property name="java.vm.specification.version" value="17"/>
    <property name="sun.arch.data.model" value="64"/>
    <property name="sun.java.command" value="org.codehaus.plexus.classworlds.launcher.Launcher clean compile test"/>
    <property name="java.home" value="C:\Program Files\Microsoft\jdk-17.0.3.7-hotspot"/>
    <property name="user.language" value="en"/>
    <property name="java.specification.vendor" value="Oracle Corporation"/>
    <property name="java.vm.info" value="mixed mode, sharing"/>
    <property name="java.version" value="17.0.3"/>
    <property name="native.encoding" value="Cp1252"/>
    <property name="java.vendor" value="Microsoft"/>
    <property name="sun.stderr.encoding" value="cp437"/>
    <property name="maven.home" value="C:\Program Files\apache-maven-3.8.6"/>
    <property name="file.separator" value="\"/>
    <property name="java.version.date" value="2022-04-19"/>
    <property name="java.vendor.url.bug" value="https://github.com/microsoft/openjdk/issues"/>
    <property name="sun.io.unicode.encoding" value="UnicodeLittle"/>
    <property name="sun.cpu.endian" value="little"/>
    <property name="java.vendor.version" value="Microsoft-32931"/>
    <property name="sun.stdout.encoding" value="cp437"/>
    <property name="sun.cpu.isalist" value="amd64"/>
  </properties>
  <testcase classname="As a user, I can add two numbers" name="simple integer addition" time="0.295">
    <failure message="expected: java.lang.String&lt;3&gt; but was: java.lang.Integer&lt;3&gt;" type="java.lang.AssertionError">java.lang.AssertionError: expected: java.lang.String&lt;3&gt; but was: java.lang.Integer&lt;3&gt;
	at org.junit.Assert.fail(Assert.java:89)
	at org.junit.Assert.failNotEquals(Assert.java:835)
	at org.junit.Assert.assertEquals(Assert.java:120)
	at org.junit.Assert.assertEquals(Assert.java:146)
	at calculator.StepDefinitions.the_result_should_be_on_the_screen(StepDefinitions.java:36)
	at ✽.the result should be 3 on the screen(classpath:calculator/addition.feature:9)
</failure>
    <system-out>
@SET-38591 @SET-38597 @SET-38583
Scenario: simple integer addition            &amp;#27;[90m# calculator/addition.feature:5&amp;#27;[0m
  &amp;#27;[32mGiven &amp;#27;[0m&amp;#27;[32mI have entered &amp;#27;[0m&amp;#27;[32m&amp;#27;[1m1&amp;#27;[0m&amp;#27;[32m into the calculator&amp;#27;[0m &amp;#27;[90m# calculator.StepDefinitions.i_have_entered_into_the_calculator(java.lang.Integer)&amp;#27;[0m
  &amp;#27;[32mAnd &amp;#27;[0m&amp;#27;[32mI have entered &amp;#27;[0m&amp;#27;[32m&amp;#27;[1m2&amp;#27;[0m&amp;#27;[32m into the calculator&amp;#27;[0m   &amp;#27;[90m# calculator.StepDefinitions.i_have_entered_into_the_calculator(java.lang.Integer)&amp;#27;[0m
  &amp;#27;[32mWhen &amp;#27;[0m&amp;#27;[32mI press add&amp;#27;[0m                           &amp;#27;[90m# calculator.StepDefinitions.i_press_add()&amp;#27;[0m
  &amp;#27;[31mThen &amp;#27;[0m&amp;#27;[31mthe result should be &amp;#27;[0m&amp;#27;[31m&amp;#27;[1m3&amp;#27;[0m&amp;#27;[31m on the screen&amp;#27;[0m  &amp;#27;[90m# calculator.StepDefinitions.the_result_should_be_on_the_screen(java.lang.Integer)&amp;#27;[0m
      &amp;#27;[31mjava.lang.AssertionError: expected: java.lang.String&lt;3&gt; but was: java.lang.Integer&lt;3&gt;
	at org.junit.Assert.fail(Assert.java:89)
	at org.junit.Assert.failNotEquals(Assert.java:835)
	at org.junit.Assert.assertEquals(Assert.java:120)
	at org.junit.Assert.assertEquals(Assert.java:146)
	at calculator.StepDefinitions.the_result_should_be_on_the_screen(StepDefinitions.java:36)
	at âœ½.the result should be 3 on the screen(classpath:calculator/addition.feature:9)
&amp;#27;[0m
</system-out>
  </testcase>
  <testcase classname="As a user, I can multiply two numbers" name="simple integer multiplication" time="0.015">
    <failure message="expected: java.lang.String&lt;3&gt; but was: java.lang.Integer&lt;3&gt;" type="java.lang.AssertionError">java.lang.AssertionError: expected: java.lang.String&lt;3&gt; but was: java.lang.Integer&lt;3&gt;
	at org.junit.Assert.fail(Assert.java:89)
	at org.junit.Assert.failNotEquals(Assert.java:835)
	at org.junit.Assert.assertEquals(Assert.java:120)
	at org.junit.Assert.assertEquals(Assert.java:146)
	at calculator.StepDefinitions.the_result_should_be_on_the_screen(StepDefinitions.java:36)
	at ✽.the result should be 0 on the screen(classpath:calculator/multiplication.feature:9)
</failure>
    <system-out>
@REQ_CALC-641
Scenario: simple integer multiplication      &amp;#27;[90m# calculator/multiplication.feature:5&amp;#27;[0m
  &amp;#27;[32mGiven &amp;#27;[0m&amp;#27;[32mI have entered &amp;#27;[0m&amp;#27;[32m&amp;#27;[1m3&amp;#27;[0m&amp;#27;[32m into the calculator&amp;#27;[0m &amp;#27;[90m# calculator.StepDefinitions.i_have_entered_into_the_calculator(java.lang.Integer)&amp;#27;[0m
  &amp;#27;[32mAnd &amp;#27;[0m&amp;#27;[32mI have entered &amp;#27;[0m&amp;#27;[32m&amp;#27;[1m0&amp;#27;[0m&amp;#27;[32m into the calculator&amp;#27;[0m   &amp;#27;[90m# calculator.StepDefinitions.i_have_entered_into_the_calculator(java.lang.Integer)&amp;#27;[0m
  &amp;#27;[32mWhen &amp;#27;[0m&amp;#27;[32mI press multiply&amp;#27;[0m                      &amp;#27;[90m# calculator.StepDefinitions.i_press_multiply()&amp;#27;[0m
  &amp;#27;[31mThen &amp;#27;[0m&amp;#27;[31mthe result should be &amp;#27;[0m&amp;#27;[31m&amp;#27;[1m0&amp;#27;[0m&amp;#27;[31m on the screen&amp;#27;[0m  &amp;#27;[90m# calculator.StepDefinitions.the_result_should_be_on_the_screen(java.lang.Integer)&amp;#27;[0m
      &amp;#27;[31mjava.lang.AssertionError: expected: java.lang.String&lt;3&gt; but was: java.lang.Integer&lt;3&gt;
	at org.junit.Assert.fail(Assert.java:89)
	at org.junit.Assert.failNotEquals(Assert.java:835)
	at org.junit.Assert.assertEquals(Assert.java:120)
	at org.junit.Assert.assertEquals(Assert.java:146)
	at calculator.StepDefinitions.the_result_should_be_on_the_screen(StepDefinitions.java:36)
	at âœ½.the result should be 0 on the screen(classpath:calculator/multiplication.feature:9)
&amp;#27;[0m
</system-out>
  </testcase>
</testsuite>